<?xml version="1.0" encoding="UTF-8"?>
<testsuite xmlns:xsi="http://www.w3.org/2001/XMLSchema-instance" xsi:noNamespaceSchemaLocation="https://maven.apache.org/surefire/maven-surefire-plugin/xsd/surefire-test-report-3.0.xsd" version="3.0" name="TestSuite" time="6.772" tests="1" errors="0" skipped="0" failures="0">
  <properties>
[...]
</properties>
  <testcase name="runScenario[&quot;Bank manager Login and exit&quot;, &quot;Optional[Bank Manager features]&quot;](1)" classname="MyRunner.TestNGTestRunner" time="5.343">
    <system-out><![CDATA[
@BankManager
Scenario: Bank manager Login and exit                                                                 # src/test/resources/features/BankManagerLogin.feature:7

    Test started : Bank manager Login and exit

chrome
----------------------------------------------------------------------------
Chrome browser launched

    Landed on Home Page


     Home Page : Customer Login Button is displaying


     Home Page : BankManager Login Button is displaying

  Given User is on Home Page                                                                          # StepDefinitions.BankManagerSteps.user_is_on_home_page()

     Bank Manager Login Button is clicked

  When User clicks on Bank manager Login                                                              # StepDefinitions.BankManagerSteps.user_clicks_on_bank_manager_login()

    Landed on Bank Manager Page


     Bank Manager Page : Add Customer Button is displaying


     Bank Manager Page : Open Account Button is displaying 


     Bank Manager Page : Customer Button is displaying 

  Then User lands on bank manager Page with Add Customer , Open Account , Customers buttons available # StepDefinitions.BankManagerSteps.user_lands_on_bank_manager_page()

     Home Button is clicked

  When User clicks on home and will land on Home Page                                                 # StepDefinitions.BankManagerSteps.user_clicks_home()

    Test ended :Bank manager Login and exit

]]></system-out>
    <system-err><![CDATA[Sept 11, 2024 11:15:52 PM org.openqa.selenium.remote.service.DriverService$Builder getLogOutput
INFO: Driver logs no longer sent to console by default; https://www.selenium.dev/documentation/webdriver/drivers/service/#setting-log-output
Sept 11, 2024 11:15:54 PM org.openqa.selenium.devtools.CdpVersionFinder findNearestMatch
WARNING: Unable to find CDP implementation matching 128
Sept 11, 2024 11:15:54 PM org.openqa.selenium.chromium.ChromiumDriver lambda$new$4
WARNING: Unable to find version of CDP to use for . You may need to include a dependency on a specific version of the CDP using something similar to `org.seleniumhq.selenium:selenium-devtools-v86:4.10.0` where the version ("v86") matches the version of the chromium-based browser you're using and the version number of the artifact is the same as Selenium's.
]]></system-err>
  </testcase>
</testsuite>